Training for FIGQA
{'loss': 0.6958, 'learning_rate': 2.2271714922049e-07, 'epoch': 3.12}
{'eval_loss': 0.6930782198905945, 'eval_accuracy': 0.52, 'eval_f1': 0.5402298850574713, 'eval_precision': 0.5183823529411765, 'eval_recall': 0.564, 'eval_runtime': 153.8925, 'eval_samples_per_second': 3.249, 'eval_steps_per_second': 0.208, 'epoch': 3.12}
{'loss': 0.6925, 'learning_rate': 4.4543429844098e-07, 'epoch': 6.25}
{'eval_loss': 0.6932218074798584, 'eval_accuracy': 0.484, 'eval_f1': 0.4980544747081712, 'eval_precision': 0.48484848484848486, 'eval_recall': 0.512, 'eval_runtime': 167.6586, 'eval_samples_per_second': 2.982, 'eval_steps_per_second': 0.191, 'epoch': 6.25}
{'loss': 0.6972, 'learning_rate': 6.681514476614699e-07, 'epoch': 9.38}
{'eval_loss': 0.6930779814720154, 'eval_accuracy': 0.518, 'eval_f1': 0.5374280230326295, 'eval_precision': 0.5166051660516605, 'eval_recall': 0.56, 'eval_runtime': 193.094, 'eval_samples_per_second': 2.589, 'eval_steps_per_second': 0.166, 'epoch': 9.38}
{'loss': 0.6909, 'learning_rate': 8.9086859688196e-07, 'epoch': 12.5}
{'eval_loss': 0.6931412220001221, 'eval_accuracy': 0.508, 'eval_f1': 0.537593984962406, 'eval_precision': 0.5070921985815603, 'eval_recall': 0.572, 'eval_runtime': 216.1805, 'eval_samples_per_second': 2.313, 'eval_steps_per_second': 0.148, 'epoch': 12.5}
{'loss': 0.6937, 'learning_rate': 9.914300117627289e-07, 'epoch': 15.62}
{'eval_loss': 0.6931924819946289, 'eval_accuracy': 0.5, 'eval_f1': 0.5318352059925093, 'eval_precision': 0.5, 'eval_recall': 0.568, 'eval_runtime': 150.145, 'eval_samples_per_second': 3.33, 'eval_steps_per_second': 0.213, 'epoch': 15.62}
{'loss': 0.6924, 'learning_rate': 9.74626113258276e-07, 'epoch': 18.75}
{'eval_loss': 0.6932955384254456, 'eval_accuracy': 0.52, 'eval_f1': 0.5488721804511278, 'eval_precision': 0.5177304964539007, 'eval_recall': 0.584, 'eval_runtime': 212.0677, 'eval_samples_per_second': 2.358, 'eval_steps_per_second': 0.151, 'epoch': 18.75}
{'loss': 0.6943, 'learning_rate': 9.578222147538228e-07, 'epoch': 21.88}
{'eval_loss': 0.6932982802391052, 'eval_accuracy': 0.492, 'eval_f1': 0.5225563909774436, 'eval_precision': 0.4929078014184397, 'eval_recall': 0.556, 'eval_runtime': 152.406, 'eval_samples_per_second': 3.281, 'eval_steps_per_second': 0.21, 'epoch': 21.88}
{'loss': 0.6962, 'learning_rate': 9.410183162493698e-07, 'epoch': 25.0}
{'eval_loss': 0.6932330131530762, 'eval_accuracy': 0.516, 'eval_f1': 0.5433962264150942, 'eval_precision': 0.5142857142857142, 'eval_recall': 0.576, 'eval_runtime': 165.5127, 'eval_samples_per_second': 3.021, 'eval_steps_per_second': 0.193, 'epoch': 25.0}
{'loss': 0.6945, 'learning_rate': 9.242144177449168e-07, 'epoch': 28.12}
{'eval_loss': 0.6931698322296143, 'eval_accuracy': 0.512, 'eval_f1': 0.5413533834586465, 'eval_precision': 0.5106382978723404, 'eval_recall': 0.576, 'eval_runtime': 200.9652, 'eval_samples_per_second': 2.488, 'eval_steps_per_second': 0.159, 'epoch': 28.12}
{'train_runtime': 1700.3679, 'train_samples_per_second': 58.811, 'train_steps_per_second': 3.764, 'train_loss': 0.694172108968099, 'epoch': 28.12}
Evaluation Results: {'eval_loss': 0.6932955384254456, 'eval_accuracy': 0.52, 'eval_f1': 0.5488721804511278, 'eval_precision': 0.5177304964539007, 'eval_recall': 0.584, 'eval_runtime': 187.4131, 'eval_samples_per_second': 2.668, 'eval_steps_per_second': 0.171, 'epoch': 28.12}
ending 
